<?xml version="1.0" encoding="UTF-8"?>
<!-- Generated by org.testng.reporters.JUnitReportReporter -->
<testsuite name="com.testcases.LoginValidation" tests="1" time="0.254" ignored="0" failures="0" timestamp="21 Jan 2018 06:53:48 GMT" skipped="0" hostname="Sameer" errors="0">
  <testcase name="verifyLogo" time="0.254" classname="com.testcases.LoginValidation"/>
</testsuite> <!-- com.testcases.LoginValidation -->
